<?xml version="1.0" encoding="UTF-8"?>
<!-- Generated by org.testng.reporters.JUnitReportReporter -->
<testsuite hostname="Taruns-MBP.lan" failures="0" tests="1" name="com.pb.selenium.base.AppTest" time="0.521" errors="0" timestamp="2022-02-20T17:32:40 IST" skipped="0">
  <testcase classname="com.pb.selenium.base.AppTest" name="shouldAnswerWithTrue" time="0.521"/>
  <system-out/>
</testsuite> <!-- com.pb.selenium.base.AppTest -->
